<?xml version="1.0" encoding="UTF-8"?>
<testsuites name="Smoke" time="26" tests="0" failures="1" errors="0">
   <testsuite name="Smoke" tests="0" failures="1" errors="0" time="26" timestamp="2018-07-12 13:55:46" hostname="vernon.cenzon - 10.100.216.73" id="Test Suites/Smoke">
      <properties>
         <property name="deviceName" value=""/>
         <property name="devicePlatform" value=""/>
         <property name="logFolder" value="/Users/vernon.cenzon/Documents/katalon/katalon-poc-phptravels/Reports/Smoke/20180712_135543"/>
         <property name="logFiles" value="/Users/vernon.cenzon/Documents/katalon/katalon-poc-phptravels/Reports/Smoke/20180712_135543/execution0.log"/>
         <property name="attachments" value="/Users/vernon.cenzon/Documents/katalon/katalon-poc-phptravels/Reports/Smoke/20180712_135543/1531374971130.png, /Users/vernon.cenzon/Documents/katalon/katalon-poc-phptravels/Reports/Smoke/20180712_135543/1531374971762.png"/>
         <property name="hostName" value="vernon.cenzon - 10.100.216.73"/>
         <property name="os" value="Mac OS X 64bit"/>
         <property name="katalonVersion" value="5.4.2.1"/>
         <property name="browser" value="Firefox 61.0"/>
         <property name="hostAddress" value="10.100.216.73"/>
         <property name="sessionId" value="3c000517-2a96-6d47-8ad6-59b94cca2f5c"/>
         <property name="seleniumVersion" value="3.7.1"/>
         <property name="proxyInformation" value="ProxyInformation{proxyOption=NO_PROXY, proxyServerType=HTTP, password=, proxyServerAddress=, proxyServerPort=0}"/>
         <property name="platform" value="Mac OS X"/>
      </properties>
      <testcase name="Test Cases/Valid login" classname="Test Cases/Valid login" status="FAILED">
         <failure type="FAILED" message="Verify element text of test object 'Object Repository/MyAccountPage/accountMenu' FAILED. (Root cause: Actual text 'MY ACCOUNT' and expected text 'JOHNY' of test object 'Object Repository/MyAccountPage/accountMenu' are NOT matched.)"/>
         <system-out><![CDATA[2018-07-12 13:55:47 - [TEST_CASE][FAILED] - Test Cases/Valid login: Test Cases/Valid login FAILED because (of) Verify element text of test object 'Object Repository/MyAccountPage/accountMenu' FAILED. (Root cause: Actual text 'MY ACCOUNT' and expected text 'JOHNY' of test object 'Object Repository/MyAccountPage/accountMenu' are NOT matched.)

2018-07-12 13:55:47 - [TEST_STEP][PASSED] - openBrowser: Browser is opened with url: ''

2018-07-12 13:55:54 - [MESSAGE][PASSED] - Browser is opened with url: ''

2018-07-12 13:55:54 - [TEST_STEP][PASSED] - navigateToUrl: Navigate to 'https://www.phptravels.net/' successfully

2018-07-12 13:56:05 - [MESSAGE][PASSED] - Navigate to 'https://www.phptravels.net/' successfully

2018-07-12 13:56:05 - [TEST_STEP][PASSED] - click: Object: 'Object Repository/HomePage/myAccountMenu' is clicked on

2018-07-12 13:56:06 - [MESSAGE][PASSED] - Object: 'Object Repository/HomePage/myAccountMenu' is clicked on

2018-07-12 13:56:06 - [TEST_STEP][PASSED] - click: Object: 'Object Repository/HomePage/loginSubmenu' is clicked on

2018-07-12 13:56:08 - [MESSAGE][PASSED] - Object: 'Object Repository/HomePage/loginSubmenu' is clicked on

2018-07-12 13:56:08 - [TEST_STEP][PASSED] - waitForElementVisible: Object 'Object Repository/LoginPage/usernameField' is visible

2018-07-12 13:56:08 - [MESSAGE][WARNING] - Timeout '0' is invalid. Using default page load timeout: '30'

2018-07-12 13:56:09 - [MESSAGE][PASSED] - Object 'Object Repository/LoginPage/usernameField' is visible

2018-07-12 13:56:09 - [TEST_STEP][PASSED] - setText: Text 'user@phptravels.com' is set on object 'Object Repository/LoginPage/usernameField'

2018-07-12 13:56:09 - [MESSAGE][PASSED] - Text 'user@phptravels.com' is set on object 'Object Repository/LoginPage/usernameField'

2018-07-12 13:56:09 - [TEST_STEP][PASSED] - waitForElementVisible: Object 'Object Repository/LoginPage/passwordField' is visible

2018-07-12 13:56:09 - [MESSAGE][WARNING] - Timeout '0' is invalid. Using default page load timeout: '30'

2018-07-12 13:56:09 - [MESSAGE][PASSED] - Object 'Object Repository/LoginPage/passwordField' is visible

2018-07-12 13:56:09 - [TEST_STEP][PASSED] - setText: Text 'demouser' is set on object 'Object Repository/LoginPage/passwordField'

2018-07-12 13:56:10 - [MESSAGE][PASSED] - Text 'demouser' is set on object 'Object Repository/LoginPage/passwordField'

2018-07-12 13:56:10 - [TEST_STEP][PASSED] - click: Object: 'Object Repository/LoginPage/loginBtn' is clicked on

2018-07-12 13:56:10 - [MESSAGE][PASSED] - Object: 'Object Repository/LoginPage/loginBtn' is clicked on

2018-07-12 13:56:10 - [TEST_STEP][PASSED] - verifyElementVisible: Object 'Object Repository/MyAccountPage/accountMenu' is visible

2018-07-12 13:56:10 - [MESSAGE][PASSED] - Object 'Object Repository/MyAccountPage/accountMenu' is visible

2018-07-12 13:56:10 - [TEST_STEP][FAILED] - verifyElementText: Verify element text of test object 'Object Repository/MyAccountPage/accountMenu' FAILED. (Root cause: Actual text 'MY ACCOUNT' and expected text 'JOHNY' of test object 'Object Repository/MyAccountPage/accountMenu' are NOT matched.)

2018-07-12 13:56:11 - [MESSAGE][FAILED] - Actual text 'MY ACCOUNT' and expected text 'JOHNY' of test object 'Object Repository/MyAccountPage/accountMenu' are NOT matched.
[[ATTACHMENT|/Users/vernon.cenzon/Documents/katalon/katalon-poc-phptravels/Reports/Smoke/20180712_135543/1531374971130.png]]

2018-07-12 13:56:12 - [MESSAGE][FAILED] - Verify element text of test object 'Object Repository/MyAccountPage/accountMenu' FAILED. (Root cause: Actual text 'MY ACCOUNT' and expected text 'JOHNY' of test object 'Object Repository/MyAccountPage/accountMenu' are NOT matched.)
[[ATTACHMENT|/Users/vernon.cenzon/Documents/katalon/katalon-poc-phptravels/Reports/Smoke/20180712_135543/1531374971762.png]]]]></system-out>
         <system-err><![CDATA[2018-07-12 13:55:47 - [TEST_CASE][FAILED] - Test Cases/Valid login: Test Cases/Valid login FAILED because (of) Verify element text of test object 'Object Repository/MyAccountPage/accountMenu' FAILED. (Root cause: Actual text 'MY ACCOUNT' and expected text 'JOHNY' of test object 'Object Repository/MyAccountPage/accountMenu' are NOT matched.)]]></system-err>
      </testcase>
      <system-out><![CDATA[2018-07-12 13:55:46 - [TEST_SUITE][FAILED] - Smoke: Test Cases/Valid login FAILED because (of) Verify element text of test object 'Object Repository/MyAccountPage/accountMenu' FAILED. (Root cause: Actual text 'MY ACCOUNT' and expected text 'JOHNY' of test object 'Object Repository/MyAccountPage/accountMenu' are NOT matched.)]]></system-out>
      <system-err><![CDATA[2018-07-12 13:55:46 - [TEST_SUITE][FAILED] - Smoke: Test Cases/Valid login FAILED because (of) Verify element text of test object 'Object Repository/MyAccountPage/accountMenu' FAILED. (Root cause: Actual text 'MY ACCOUNT' and expected text 'JOHNY' of test object 'Object Repository/MyAccountPage/accountMenu' are NOT matched.)]]></system-err>
   </testsuite>
</testsuites>
