<?xml version="1.0" encoding="UTF-8"?>
<testsuites name="Smoke" time="26" tests="0" failures="1" errors="0">
   <testsuite name="Smoke" tests="0" failures="1" errors="0" time="26" timestamp="2018-07-16 14:31:45" hostname="vernon.cenzon - vlam10170317" id="Test Suites/Smoke">
      <properties>
         <property name="deviceName" value=""/>
         <property name="devicePlatform" value=""/>
         <property name="logFolder" value="/Users/vernon.cenzon/Documents/katalon/katalon-poc-phptravels/Reports/Smoke/20180716_143142"/>
         <property name="logFiles" value="/Users/vernon.cenzon/Documents/katalon/katalon-poc-phptravels/Reports/Smoke/20180716_143142/execution0.log"/>
         <property name="attachments" value="/Users/vernon.cenzon/Documents/katalon/katalon-poc-phptravels/Reports/Smoke/20180716_143142/1531722725874.png"/>
         <property name="hostName" value="vernon.cenzon - vlam10170317"/>
         <property name="os" value="Mac OS X 64bit"/>
         <property name="katalonVersion" value="5.4.2.1"/>
         <property name="browser" value="Firefox 61.0"/>
         <property name="hostAddress" value="192.168.43.65"/>
         <property name="sessionId" value="682671d0-4460-2e49-b241-ad3e850fa911"/>
         <property name="seleniumVersion" value="3.7.1"/>
         <property name="proxyInformation" value="ProxyInformation{proxyOption=NO_PROXY, proxyServerType=HTTP, password=, proxyServerAddress=, proxyServerPort=0}"/>
         <property name="platform" value="Mac OS X"/>
      </properties>
      <testcase name="Test Cases/Valid Hotel Booking" classname="Test Cases/Valid Hotel Booking" status="FAILED">
         <failure type="FAILED" message="Unable to set text 'Singapore' of object 'Object Repository/HomePage/locationField' (Root cause: org.openqa.selenium.ElementNotInteractableException: Element &lt;input id=&quot;s2id_autogen9&quot; class=&quot;select2-focusser select2-offscreen&quot; type=&quot;text&quot;> could not be scrolled into view
Build info: version: '3.7.1', revision: '8a0099a', time: '2017-11-06T21:07:36.161Z'
System info: host: 'VLAM10170317', ip: 'fe80:0:0:0:106f:8686:1cb3:6298%en0', os.name: 'Mac OS X', os.arch: 'x86_64', os.version: '10.12.6', java.version: '1.8.0_102'
Driver info: com.kms.katalon.core.webui.driver.firefox.CGeckoDriver
Capabilities {acceptInsecureCerts: true, browserName: firefox, browserVersion: 61.0.1, javascriptEnabled: true, moz:accessibilityChecks: false, moz:headless: false, moz:processID: 14224, moz:profile: /var/folders/br/3jx2whl94z1..., moz:useNonSpecCompliantPointerOrigin: false, moz:webdriverClick: true, pageLoadStrategy: normal, platform: MAC, platformName: MAC, platformVersion: 16.7.0, proxy: Proxy(direct), rotatable: false, timeouts: {implicit: 0, pageLoad: 300000, script: 30000}}
Session ID: 682671d0-4460-2e49-b241-ad3e850fa911)"/>
         <system-out><![CDATA[2018-07-16 14:31:46 - [TEST_CASE][FAILED] - Test Cases/Valid Hotel Booking: Test Cases/Valid Hotel Booking FAILED because (of) Unable to set text 'Singapore' of object 'Object Repository/HomePage/locationField' (Root cause: org.openqa.selenium.ElementNotInteractableException: Element <input id="s2id_autogen9" class="select2-focusser select2-offscreen" type="text"> could not be scrolled into view
Build info: version: '3.7.1', revision: '8a0099a', time: '2017-11-06T21:07:36.161Z'
System info: host: 'VLAM10170317', ip: 'fe80:0:0:0:106f:8686:1cb3:6298%en0', os.name: 'Mac OS X', os.arch: 'x86_64', os.version: '10.12.6', java.version: '1.8.0_102'
Driver info: com.kms.katalon.core.webui.driver.firefox.CGeckoDriver
Capabilities {acceptInsecureCerts: true, browserName: firefox, browserVersion: 61.0.1, javascriptEnabled: true, moz:accessibilityChecks: false, moz:headless: false, moz:processID: 14224, moz:profile: /var/folders/br/3jx2whl94z1..., moz:useNonSpecCompliantPointerOrigin: false, moz:webdriverClick: true, pageLoadStrategy: normal, platform: MAC, platformName: MAC, platformVersion: 16.7.0, proxy: Proxy(direct), rotatable: false, timeouts: {implicit: 0, pageLoad: 300000, script: 30000}}
Session ID: 682671d0-4460-2e49-b241-ad3e850fa911)

2018-07-16 14:31:48 - [TEST_STEP][PASSED] - Statement - checkinDate = null: null

2018-07-16 14:31:48 - [TEST_STEP][PASSED] - Statement - checkoutDate = null: null

2018-07-16 14:31:48 - [TEST_STEP][PASSED] - Statement - use(groovy.time.TimeCategory, { -> ... }): null

2018-07-16 14:31:48 - [TEST_STEP][PASSED] - openBrowser: Browser is opened with url: ''

2018-07-16 14:31:56 - [MESSAGE][PASSED] - Browser is opened with url: ''

2018-07-16 14:31:56 - [TEST_STEP][PASSED] - navigateToUrl: Navigate to 'https://www.phptravels.net/' successfully

2018-07-16 14:32:05 - [MESSAGE][PASSED] - Navigate to 'https://www.phptravels.net/' successfully

2018-07-16 14:32:05 - [TEST_STEP][FAILED] - customcommands.WaitVisibleAndSetValue.waitVisibleAndSetValue: Unable to set text 'Singapore' of object 'Object Repository/HomePage/locationField' (Root cause: org.openqa.selenium.ElementNotInteractableException: Element <input id="s2id_autogen9" class="select2-focusser select2-offscreen" type="text"> could not be scrolled into view
Build info: version: '3.7.1', revision: '8a0099a', time: '2017-11-06T21:07:36.161Z'
System info: host: 'VLAM10170317', ip: 'fe80:0:0:0:106f:8686:1cb3:6298%en0', os.name: 'Mac OS X', os.arch: 'x86_64', os.version: '10.12.6', java.version: '1.8.0_102'
Driver info: com.kms.katalon.core.webui.driver.firefox.CGeckoDriver
Capabilities {acceptInsecureCerts: true, browserName: firefox, browserVersion: 61.0.1, javascriptEnabled: true, moz:accessibilityChecks: false, moz:headless: false, moz:processID: 14224, moz:profile: /var/folders/br/3jx2whl94z1..., moz:useNonSpecCompliantPointerOrigin: false, moz:webdriverClick: true, pageLoadStrategy: normal, platform: MAC, platformName: MAC, platformVersion: 16.7.0, proxy: Proxy(direct), rotatable: false, timeouts: {implicit: 0, pageLoad: 300000, script: 30000}}
Session ID: 682671d0-4460-2e49-b241-ad3e850fa911)

2018-07-16 14:32:05 - [MESSAGE][PASSED] - Object 'Object Repository/HomePage/locationField' is visible

2018-07-16 14:32:10 - [MESSAGE][FAILED] - Unable to set text 'Singapore' of object 'Object Repository/HomePage/locationField' (Root cause: org.openqa.selenium.ElementNotInteractableException: Element <input id="s2id_autogen9" class="select2-focusser select2-offscreen" type="text"> could not be scrolled into view
Build info: version: '3.7.1', revision: '8a0099a', time: '2017-11-06T21:07:36.161Z'
System info: host: 'VLAM10170317', ip: 'fe80:0:0:0:106f:8686:1cb3:6298%en0', os.name: 'Mac OS X', os.arch: 'x86_64', os.version: '10.12.6', java.version: '1.8.0_102'
Driver info: com.kms.katalon.core.webui.driver.firefox.CGeckoDriver
Capabilities {acceptInsecureCerts: true, browserName: firefox, browserVersion: 61.0.1, javascriptEnabled: true, moz:accessibilityChecks: false, moz:headless: false, moz:processID: 14224, moz:profile: /var/folders/br/3jx2whl94z1..., moz:useNonSpecCompliantPointerOrigin: false, moz:webdriverClick: true, pageLoadStrategy: normal, platform: MAC, platformName: MAC, platformVersion: 16.7.0, proxy: Proxy(direct), rotatable: false, timeouts: {implicit: 0, pageLoad: 300000, script: 30000}}
Session ID: 682671d0-4460-2e49-b241-ad3e850fa911)
[[ATTACHMENT|/Users/vernon.cenzon/Documents/katalon/katalon-poc-phptravels/Reports/Smoke/20180716_143142/1531722725874.png]]

2018-07-16 14:32:10 - [MESSAGE][FAILED] - Unable to set text 'Singapore' of object 'Object Repository/HomePage/locationField' (Root cause: org.openqa.selenium.ElementNotInteractableException: Element <input id="s2id_autogen9" class="select2-focusser select2-offscreen" type="text"> could not be scrolled into view
Build info: version: '3.7.1', revision: '8a0099a', time: '2017-11-06T21:07:36.161Z'
System info: host: 'VLAM10170317', ip: 'fe80:0:0:0:106f:8686:1cb3:6298%en0', os.name: 'Mac OS X', os.arch: 'x86_64', os.version: '10.12.6', java.version: '1.8.0_102'
Driver info: com.kms.katalon.core.webui.driver.firefox.CGeckoDriver
Capabilities {acceptInsecureCerts: true, browserName: firefox, browserVersion: 61.0.1, javascriptEnabled: true, moz:accessibilityChecks: false, moz:headless: false, moz:processID: 14224, moz:profile: /var/folders/br/3jx2whl94z1..., moz:useNonSpecCompliantPointerOrigin: false, moz:webdriverClick: true, pageLoadStrategy: normal, platform: MAC, platformName: MAC, platformVersion: 16.7.0, proxy: Proxy(direct), rotatable: false, timeouts: {implicit: 0, pageLoad: 300000, script: 30000}}
Session ID: 682671d0-4460-2e49-b241-ad3e850fa911)]]></system-out>
         <system-err><![CDATA[2018-07-16 14:31:46 - [TEST_CASE][FAILED] - Test Cases/Valid Hotel Booking: Test Cases/Valid Hotel Booking FAILED because (of) Unable to set text 'Singapore' of object 'Object Repository/HomePage/locationField' (Root cause: org.openqa.selenium.ElementNotInteractableException: Element <input id="s2id_autogen9" class="select2-focusser select2-offscreen" type="text"> could not be scrolled into view
Build info: version: '3.7.1', revision: '8a0099a', time: '2017-11-06T21:07:36.161Z'
System info: host: 'VLAM10170317', ip: 'fe80:0:0:0:106f:8686:1cb3:6298%en0', os.name: 'Mac OS X', os.arch: 'x86_64', os.version: '10.12.6', java.version: '1.8.0_102'
Driver info: com.kms.katalon.core.webui.driver.firefox.CGeckoDriver
Capabilities {acceptInsecureCerts: true, browserName: firefox, browserVersion: 61.0.1, javascriptEnabled: true, moz:accessibilityChecks: false, moz:headless: false, moz:processID: 14224, moz:profile: /var/folders/br/3jx2whl94z1..., moz:useNonSpecCompliantPointerOrigin: false, moz:webdriverClick: true, pageLoadStrategy: normal, platform: MAC, platformName: MAC, platformVersion: 16.7.0, proxy: Proxy(direct), rotatable: false, timeouts: {implicit: 0, pageLoad: 300000, script: 30000}}
Session ID: 682671d0-4460-2e49-b241-ad3e850fa911)]]></system-err>
      </testcase>
      <system-out><![CDATA[2018-07-16 14:31:45 - [TEST_SUITE][FAILED] - Smoke: Test Cases/Valid Hotel Booking FAILED because (of) Unable to set text 'Singapore' of object 'Object Repository/HomePage/locationField' (Root cause: org.openqa.selenium.ElementNotInteractableException: Element <input id="s2id_autogen9" class="select2-focusser select2-offscreen" type="text"> could not be scrolled into view
Build info: version: '3.7.1', revision: '8a0099a', time: '2017-11-06T21:07:36.161Z'
System info: host: 'VLAM10170317', ip: 'fe80:0:0:0:106f:8686:1cb3:6298%en0', os.name: 'Mac OS X', os.arch: 'x86_64', os.version: '10.12.6', java.version: '1.8.0_102'
Driver info: com.kms.katalon.core.webui.driver.firefox.CGeckoDriver
Capabilities {acceptInsecureCerts: true, browserName: firefox, browserVersion: 61.0.1, javascriptEnabled: true, moz:accessibilityChecks: false, moz:headless: false, moz:processID: 14224, moz:profile: /var/folders/br/3jx2whl94z1..., moz:useNonSpecCompliantPointerOrigin: false, moz:webdriverClick: true, pageLoadStrategy: normal, platform: MAC, platformName: MAC, platformVersion: 16.7.0, proxy: Proxy(direct), rotatable: false, timeouts: {implicit: 0, pageLoad: 300000, script: 30000}}
Session ID: 682671d0-4460-2e49-b241-ad3e850fa911)]]></system-out>
      <system-err><![CDATA[2018-07-16 14:31:45 - [TEST_SUITE][FAILED] - Smoke: Test Cases/Valid Hotel Booking FAILED because (of) Unable to set text 'Singapore' of object 'Object Repository/HomePage/locationField' (Root cause: org.openqa.selenium.ElementNotInteractableException: Element <input id="s2id_autogen9" class="select2-focusser select2-offscreen" type="text"> could not be scrolled into view
Build info: version: '3.7.1', revision: '8a0099a', time: '2017-11-06T21:07:36.161Z'
System info: host: 'VLAM10170317', ip: 'fe80:0:0:0:106f:8686:1cb3:6298%en0', os.name: 'Mac OS X', os.arch: 'x86_64', os.version: '10.12.6', java.version: '1.8.0_102'
Driver info: com.kms.katalon.core.webui.driver.firefox.CGeckoDriver
Capabilities {acceptInsecureCerts: true, browserName: firefox, browserVersion: 61.0.1, javascriptEnabled: true, moz:accessibilityChecks: false, moz:headless: false, moz:processID: 14224, moz:profile: /var/folders/br/3jx2whl94z1..., moz:useNonSpecCompliantPointerOrigin: false, moz:webdriverClick: true, pageLoadStrategy: normal, platform: MAC, platformName: MAC, platformVersion: 16.7.0, proxy: Proxy(direct), rotatable: false, timeouts: {implicit: 0, pageLoad: 300000, script: 30000}}
Session ID: 682671d0-4460-2e49-b241-ad3e850fa911)]]></system-err>
   </testsuite>
</testsuites>
